<?xml version="1.0" encoding="UTF-8"?>
<!-- Generated by org.testng.reporters.JUnitXMLReporter -->
<testsuite ignored="0" hostname="DESKTOP-HM27A8M" failures="0" tests="9" name="Test" time="0.35" errors="0" timestamp="2022-10-28T14:32:49 IST">
  <testcase classname="testng.Demo" name="testDemo" time="0.033"/>
  <testcase classname="com.actitime.testscript.CustomerModule" name="createCustomer" time="0.006"/>
  <testcase classname="com.actitime.testscript.CustomerModule1" name="createCustomer" time="0.011"/>
  <testcase classname="com.actitime.testscript.CustomerModule1" name="createCustomer" time="0.012"/>
  <testcase classname="com.actitime.testscript.CustomerModule1" name="createCustomer" time="0.013"/>
  <testcase classname="com.actitime.testscript.CustomerModule1" name="modifyCustomer" time="0.006"/>
  <testcase classname="com.actitime.testscript.CustomerModule1" name="deleteCustomer" time="0.014"/>
  <testcase classname="com.actitime.testscript.TaskModule" name="modifyCustomer" time="0.013"/>
  <testcase classname="com.actitime.testscript.Projectmodule" name="deleteCustomer" time="0.011"/>
</testsuite> <!-- Test -->
